[2021-01-31 18:21:43] main.WARNING: warning [] []
[2021-01-31 18:24:10] main.WARNING: warning [] []
[2021-01-31 18:24:11] main.WARNING: warning [] []
[2021-01-31 18:24:11] main.WARNING: warning [] []
[2021-01-31 18:24:11] main.WARNING: warning [] []
[2021-01-31 18:24:11] main.WARNING: warning [] []
[2021-01-31 18:30:54] main.WARNING: warning [] []
[2021-01-31 18:30:54] main.INFO: info [] []
[2021-01-31 18:30:54] main.DEBUG: debug [] []
[2021-01-31 18:35:24] main.WARNING: warning [] []
[2021-01-31 18:35:24] main.INFO: 697192 [] []
[2021-01-31 18:35:24] main.DEBUG: debug [] []
[2021-01-31 19:13:10] main.WARNING: warning [] []
[2021-01-31 19:13:10] main.INFO: 697432 [] []
[2021-01-31 19:13:10] main.DEBUG: debug [] []
[2021-01-31 19:13:10] main.ALERT: alert [] []
[2021-01-31 19:52:14] main.WARNING: warning [] []
[2021-01-31 19:52:14] main.INFO: 699056 [] []
[2021-01-31 19:52:14] main.DEBUG: debug [] []
[2021-01-31 19:52:14] main.ALERT: alert [] []
[2021-01-31 20:29:15] main.WARNING: warning [] []
[2021-01-31 20:29:15] main.INFO: 699216 [] []
[2021-01-31 20:29:15] main.DEBUG: debug [] []
[2021-01-31 20:29:15] main.ALERT: alert [] []
[2021-01-31 20:34:13] main.WARNING: warning [] []
[2021-01-31 20:34:13] main.INFO: 708480 [] []
[2021-01-31 20:34:13] main.DEBUG: debug [] []
[2021-01-31 20:34:13] main.ALERT: alert [] []
