[2021-02-01 08:23:41] memory.DEBUG: 647816 [] []
[2021-02-01 08:23:41] memory.DEBUG: 749448 [] []
[2021-02-01 08:24:19] memory.DEBUG: 647824 [] []
[2021-02-01 08:24:19] memory.DEBUG: 749456 [] []
[2021-02-01 08:24:19] memory.DEBUG: Program end: memory_get_usage() [] []
[2021-02-01 08:25:22] memory.DEBUG: 647848 [] []
[2021-02-01 08:25:22] memory.DEBUG: 749480 [] []
[2021-02-01 08:25:22] memory.DEBUG: Program end: 750344 [] []
[2021-02-01 15:18:33] memory.DEBUG: 647648 [] []
[2021-02-01 15:18:33] memory.DEBUG: 749280 [] []
[2021-02-01 15:18:33] memory.DEBUG: Program end: 750144 [] []
[2021-02-01 15:18:35] memory.DEBUG: 648856 [] []
[2021-02-01 15:18:35] memory.DEBUG: 750488 [] []
[2021-02-01 15:18:35] memory.DEBUG: Program end: 751488 [] []
[2021-02-01 15:18:36] memory.DEBUG: 648888 [] []
[2021-02-01 15:18:36] memory.DEBUG: 750144 [] []
[2021-02-01 15:18:36] memory.DEBUG: Program end: 750904 [] []
[2021-02-01 15:18:38] memory.DEBUG: 648872 [] []
[2021-02-01 15:18:38] memory.DEBUG: 751680 [] []
[2021-02-01 15:18:38] memory.DEBUG: Program end: 754000 [] []
[2021-02-01 15:18:43] memory.DEBUG: 648920 [] []
[2021-02-01 15:18:46] memory.DEBUG: 648880 [] []
[2021-02-01 15:18:46] memory.DEBUG: 750136 [] []
[2021-02-01 15:18:46] memory.DEBUG: Program end: 750896 [] []
[2021-02-01 15:18:48] memory.DEBUG: 647656 [] []
[2021-02-01 15:18:48] memory.DEBUG: 749288 [] []
[2021-02-01 15:18:48] memory.DEBUG: Program end: 750152 [] []
[2021-02-01 15:19:06] memory.DEBUG: 648848 [] []
[2021-02-01 15:19:06] memory.DEBUG: 750480 [] []
[2021-02-01 15:19:06] memory.DEBUG: Program end: 751480 [] []
[2021-02-01 15:19:07] memory.DEBUG: 648880 [] []
[2021-02-01 15:19:07] memory.DEBUG: 751688 [] []
[2021-02-01 15:19:07] memory.DEBUG: Program end: 754008 [] []
[2021-02-01 15:19:23] memory.DEBUG: 647672 [] []
[2021-02-01 15:19:23] memory.DEBUG: 749304 [] []
[2021-02-01 15:19:23] memory.DEBUG: Program end: 750168 [] []
[2021-02-01 15:29:21] memory.DEBUG: Старт программы: 648432 [] []
[2021-02-01 15:29:21] memory.DEBUG: Потребление памяти после чтения параметров: 750064. Разница в потреблении памяти: 101632 [] []
[2021-02-01 15:29:21] memory.DEBUG: Потребление памяти после загрузки страницы: 750928. Разница между потреблением памяти в начале выполнения программы и в конце 102496 [] []
[2021-02-01 15:34:08] memory.DEBUG: Старт программы: 649640 [] []
[2021-02-01 15:34:08] memory.DEBUG: Потребление памяти после чтения параметров: 752448. Разница в потреблении памяти: 102808 [] []
[2021-02-01 15:34:08] memory.DEBUG: Потребление памяти после загрузки страницы: 754768. Разница между потреблением памяти в начале выполнения программы и в конце 105128 [] []
[2021-02-01 16:01:24] memory.DEBUG: Старт программы: 648496 [] []
[2021-02-01 16:01:24] memory.INFO: 1612195284 [] []
[2021-02-01 16:01:24] memory.DEBUG: Потребление памяти после чтения параметров: 750128. Разница в потреблении памяти: 101632 [] []
[2021-02-01 16:01:24] memory.DEBUG: Потребление памяти после загрузки страницы: 750992. Разница между потреблением памяти в начале выполнения программы и в конце 102496 [] []
[2021-02-01 16:04:17] memory.DEBUG: Старт программы: 648672 [] []
[2021-02-01 16:04:17] memory.INFO: Array [] []
[2021-02-01 16:04:17] memory.DEBUG: Потребление памяти после чтения параметров: 750304. Разница в потреблении памяти: 101632 [] []
[2021-02-01 16:04:17] memory.DEBUG: Потребление памяти после загрузки страницы: 751168. Разница между потреблением памяти в начале выполнения программы и в конце 102496 [] []
[2021-02-01 16:08:23] memory.DEBUG: Старт программы: 648864 [] []
[2021-02-01 16:08:23] memory.INFO: 16:08:23 [] []
[2021-02-01 16:08:23] memory.DEBUG: Потребление памяти после чтения параметров: 750496. Разница в потреблении памяти: 101632 [] []
[2021-02-01 16:08:23] memory.DEBUG: Потребление памяти после загрузки страницы: 751360. Разница между потреблением памяти в начале выполнения программы и в конце 102496 [] []
[2021-02-02 11:38:16] memory.DEBUG: Старт программы: 649200 [] []
[2021-02-02 11:38:16] memory.INFO: 11:38:16 [] []
[2021-02-02 11:38:16] memory.DEBUG: Потребление памяти после чтения параметров: 750456. Разница в потреблении памяти: 101256 [] []
[2021-02-02 11:38:16] memory.DEBUG: Потребление памяти после загрузки страницы: 751320. Разница между потреблением памяти в начале выполнения программы и в конце 102120 [] []
[2021-02-02 11:38:18] memory.DEBUG: Старт программы: 650376 [] []
[2021-02-02 11:38:18] memory.INFO: 11:38:18 [] []
[2021-02-02 11:38:18] memory.DEBUG: Потребление памяти после чтения параметров: 751632. Разница в потреблении памяти: 101256 [] []
[2021-02-02 11:38:18] memory.DEBUG: Потребление памяти после загрузки страницы: 752632. Разница между потреблением памяти в начале выполнения программы и в конце 102256 [] []
[2021-02-02 11:38:18] memory.DEBUG: Старт программы: 650408 [] []
[2021-02-02 11:38:18] memory.INFO: 11:38:18 [] []
[2021-02-02 11:38:18] memory.DEBUG: Потребление памяти после чтения параметров: 752840. Разница в потреблении памяти: 102432 [] []
[2021-02-02 11:38:19] memory.DEBUG: Потребление памяти после загрузки страницы: 755160. Разница между потреблением памяти в начале выполнения программы и в конце 104752 [] []
[2021-02-02 11:38:22] memory.DEBUG: Старт программы: 649200 [] []
[2021-02-02 11:38:22] memory.INFO: 11:38:22 [] []
[2021-02-02 11:38:22] memory.DEBUG: Потребление памяти после чтения параметров: 750456. Разница в потреблении памяти: 101256 [] []
[2021-02-02 11:38:22] memory.DEBUG: Потребление памяти после загрузки страницы: 751320. Разница между потреблением памяти в начале выполнения программы и в конце 102120 [] []
[2021-02-02 12:01:40] memory.DEBUG: Старт программы: 650376 [] []
[2021-02-02 12:01:40] memory.INFO: 12:01:40 [] []
[2021-02-02 12:01:40] memory.DEBUG: Потребление памяти после чтения параметров: 751320. Разница в потреблении памяти: 100944 [] []
[2021-02-02 12:01:40] memory.DEBUG: Потребление памяти после загрузки страницы: 752080. Разница между потреблением памяти в начале выполнения программы и в конце 101704 [] []
[2021-02-02 12:01:40] memory.DEBUG: Старт программы: 650384 [] []
[2021-02-02 12:01:40] memory.INFO: 12:01:40 [] []
[2021-02-02 12:01:40] memory.DEBUG: Потребление памяти после чтения параметров: 751704. Разница в потреблении памяти: 101320 [] []
[2021-02-02 12:01:40] memory.DEBUG: Потребление памяти после загрузки страницы: 752704. Разница между потреблением памяти в начале выполнения программы и в конце 102320 [] []
[2021-02-02 12:01:41] memory.DEBUG: Старт программы: 649192 [] []
[2021-02-02 12:01:41] memory.INFO: 12:01:41 [] []
[2021-02-02 12:01:41] memory.DEBUG: Потребление памяти после чтения параметров: 750512. Разница в потреблении памяти: 101320 [] []
[2021-02-02 12:01:41] memory.DEBUG: Потребление памяти после загрузки страницы: 751376. Разница между потреблением памяти в начале выполнения программы и в конце 102184 [] []
[2021-02-02 12:01:42] memory.DEBUG: Старт программы: 650400 [] []
[2021-02-02 12:01:42] memory.INFO: 12:01:42 [] []
[2021-02-02 12:01:44] memory.DEBUG: Старт программы: 650368 [] []
[2021-02-02 12:01:44] memory.INFO: 12:01:44 [] []
[2021-02-02 12:01:44] memory.DEBUG: Потребление памяти после чтения параметров: 752864. Разница в потреблении памяти: 102496 [] []
[2021-02-02 12:01:44] memory.DEBUG: Потребление памяти после загрузки страницы: 755184. Разница между потреблением памяти в начале выполнения программы и в конце 104816 [] []
[2021-02-02 12:01:45] memory.DEBUG: Старт программы: 649192 [] []
[2021-02-02 12:01:45] memory.INFO: 12:01:45 [] []
[2021-02-02 12:01:45] memory.DEBUG: Потребление памяти после чтения параметров: 750512. Разница в потреблении памяти: 101320 [] []
[2021-02-02 12:01:45] memory.DEBUG: Потребление памяти после загрузки страницы: 751376. Разница между потреблением памяти в начале выполнения программы и в конце 102184 [] []
[2021-02-02 12:02:08] memory.DEBUG: Старт программы: 650368 [] []
[2021-02-02 12:02:08] memory.INFO: 12:02:08 [] []
[2021-02-02 12:02:08] memory.DEBUG: Потребление памяти после чтения параметров: 751688. Разница в потреблении памяти: 101320 [] []
[2021-02-02 12:02:08] memory.DEBUG: Потребление памяти после загрузки страницы: 752688. Разница между потреблением памяти в начале выполнения программы и в конце 102320 [] []
[2021-02-02 12:02:09] memory.DEBUG: Старт программы: 649200 [] []
[2021-02-02 12:02:09] memory.INFO: 12:02:09 [] []
[2021-02-02 12:02:09] memory.DEBUG: Потребление памяти после чтения параметров: 750520. Разница в потреблении памяти: 101320 [] []
[2021-02-02 12:02:09] memory.DEBUG: Потребление памяти после загрузки страницы: 751384. Разница между потреблением памяти в начале выполнения программы и в конце 102184 [] []
[2021-02-02 12:02:10] memory.DEBUG: Старт программы: 650368 [] []
[2021-02-02 12:02:10] memory.INFO: 12:02:10 [] []
[2021-02-02 12:02:10] memory.DEBUG: Потребление памяти после чтения параметров: 751312. Разница в потреблении памяти: 100944 [] []
[2021-02-02 12:02:10] memory.DEBUG: Потребление памяти после загрузки страницы: 752072. Разница между потреблением памяти в начале выполнения программы и в конце 101704 [] []
[2021-02-02 12:02:11] memory.DEBUG: Старт программы: 650384 [] []
[2021-02-02 12:02:11] memory.INFO: 12:02:11 [] []
[2021-02-02 12:02:11] memory.DEBUG: Потребление памяти после чтения параметров: 752880. Разница в потреблении памяти: 102496 [] []
[2021-02-02 12:02:11] memory.DEBUG: Потребление памяти после загрузки страницы: 755200. Разница между потреблением памяти в начале выполнения программы и в конце 104816 [] []
[2021-02-02 12:02:12] memory.DEBUG: Старт программы: 649192 [] []
[2021-02-02 12:02:12] memory.INFO: 12:02:12 [] []
[2021-02-02 12:02:12] memory.DEBUG: Потребление памяти после чтения параметров: 750512. Разница в потреблении памяти: 101320 [] []
[2021-02-02 12:02:12] memory.DEBUG: Потребление памяти после загрузки страницы: 751376. Разница между потреблением памяти в начале выполнения программы и в конце 102184 [] []
[2021-02-02 12:02:22] memory.DEBUG: Старт программы: 649160 [] []
[2021-02-02 12:02:22] memory.INFO: 12:02:22 [] []
[2021-02-02 12:02:22] memory.DEBUG: Потребление памяти после чтения параметров: 750480. Разница в потреблении памяти: 101320 [] []
[2021-02-02 12:02:22] memory.DEBUG: Потребление памяти после загрузки страницы: 751344. Разница между потреблением памяти в начале выполнения программы и в конце 102184 [] []
[2021-02-02 12:02:23] memory.DEBUG: Старт программы: 650368 [] []
[2021-02-02 12:02:23] memory.INFO: 12:02:23 [] []
[2021-02-02 12:02:23] memory.DEBUG: Потребление памяти после чтения параметров: 751688. Разница в потреблении памяти: 101320 [] []
[2021-02-02 12:02:23] memory.DEBUG: Потребление памяти после загрузки страницы: 752688. Разница между потреблением памяти в начале выполнения программы и в конце 102320 [] []
[2021-02-02 12:02:23] memory.DEBUG: Старт программы: 650400 [] []
[2021-02-02 12:02:23] memory.INFO: 12:02:23 [] []
[2021-02-02 12:02:23] memory.DEBUG: Потребление памяти после чтения параметров: 751344. Разница в потреблении памяти: 100944 [] []
[2021-02-02 12:02:23] memory.DEBUG: Потребление памяти после загрузки страницы: 752104. Разница между потреблением памяти в начале выполнения программы и в конце 101704 [] []
[2021-02-02 12:02:25] memory.DEBUG: Старт программы: 649176 [] []
[2021-02-02 12:02:25] memory.INFO: 12:02:25 [] []
[2021-02-02 12:02:25] memory.DEBUG: Потребление памяти после чтения параметров: 750496. Разница в потреблении памяти: 101320 [] []
[2021-02-02 12:02:25] memory.DEBUG: Потребление памяти после загрузки страницы: 751360. Разница между потреблением памяти в начале выполнения программы и в конце 102184 [] []
[2021-02-02 12:02:25] memory.DEBUG: Старт программы: 650368 [] []
[2021-02-02 12:02:25] memory.INFO: 12:02:25 [] []
[2021-02-02 12:02:25] memory.DEBUG: Потребление памяти после чтения параметров: 751688. Разница в потреблении памяти: 101320 [] []
[2021-02-02 12:02:25] memory.DEBUG: Потребление памяти после загрузки страницы: 752688. Разница между потреблением памяти в начале выполнения программы и в конце 102320 [] []
[2021-02-02 12:02:32] memory.DEBUG: Старт программы: 649192 [] []
[2021-02-02 12:02:32] memory.INFO: 12:02:32 [] []
[2021-02-02 12:02:32] memory.DEBUG: Потребление памяти после чтения параметров: 750512. Разница в потреблении памяти: 101320 [] []
[2021-02-02 12:02:32] memory.DEBUG: Потребление памяти после загрузки страницы: 751376. Разница между потреблением памяти в начале выполнения программы и в конце 102184 [] []
[2021-02-02 12:09:45] memory.DEBUG: Старт программы: 649432 [] []
[2021-02-02 12:09:45] memory.INFO: 12:09:45 [] []
[2021-02-02 12:09:45] memory.DEBUG: Потребление памяти после чтения параметров: 751240. Разница в потреблении памяти: 101808 [] []
[2021-02-02 12:09:45] memory.DEBUG: Потребление памяти после загрузки страницы: 752104. Разница между потреблением памяти в начале выполнения программы и в конце 102672 [] []
[2021-02-02 12:09:56] memory.DEBUG: Старт программы: 649432 [] []
[2021-02-02 12:09:56] memory.INFO: 12:09:56 [] []
[2021-02-02 12:09:56] memory.DEBUG: Потребление памяти после чтения параметров: 751240. Разница в потреблении памяти: 101808 [] []
[2021-02-02 12:09:56] memory.DEBUG: Потребление памяти после загрузки страницы: 752104. Разница между потреблением памяти в начале выполнения программы и в конце 102672 [] []
[2021-02-02 12:10:00] memory.DEBUG: Старт программы: 649256 [] []
[2021-02-02 12:10:00] memory.INFO: 12:10:00 [] []
[2021-02-02 12:10:00] memory.DEBUG: Потребление памяти после чтения параметров: 751064. Разница в потреблении памяти: 101808 [] []
[2021-02-02 12:10:00] memory.DEBUG: Потребление памяти после загрузки страницы: 751928. Разница между потреблением памяти в начале выполнения программы и в конце 102672 [] []
[2021-02-02 12:11:27] memory.DEBUG: Старт программы: 649464 [] []
[2021-02-02 12:11:27] memory.INFO: 12:11:27 [] []
[2021-02-02 12:11:27] memory.DEBUG: Потребление памяти после чтения параметров: 750752. Разница в потреблении памяти: 101288 [] []
[2021-02-02 12:11:27] memory.DEBUG: Потребление памяти после загрузки страницы: 751616. Разница между потреблением памяти в начале выполнения программы и в конце 102152 [] []
[2021-02-02 12:20:04] memory.DEBUG: Старт программы: 650056 [] []
[2021-02-02 12:20:04] memory.INFO: 12:20:04 [] []
[2021-02-02 12:20:04] memory.DEBUG: Потребление памяти после чтения параметров: 751344. Разница в потреблении памяти: 101288 [] []
[2021-02-02 12:20:04] memory.DEBUG: Потребление памяти после загрузки страницы: 752208. Разница между потреблением памяти в начале выполнения программы и в конце 102152 [] []
[2021-02-02 12:20:14] memory.DEBUG: Старт программы: 651056 [] []
[2021-02-02 12:20:14] memory.INFO: 12:20:14 [] []
[2021-02-02 12:20:14] memory.NOTICE: Начало генерации страницы gallery: 12:20:14 [] []
[2021-02-02 12:20:14] memory.DEBUG: Потребление памяти после чтения параметров: 753776. Разница в потреблении памяти: 102720 [] []
[2021-02-02 12:20:14] memory.DEBUG: Потребление памяти после загрузки страницы: 756096. Разница между потреблением памяти в начале выполнения программы и в конце 105040 [] []
[2021-02-02 12:20:14] memory.NOTICE: Окончание генерации страницы gallery: 12:20:14 [] []
[2021-02-02 12:24:14] memory.DEBUG: Старт программы: 655632 [] []
[2021-02-02 12:24:14] memory.INFO: 12:24:14 [] []
[2021-02-02 12:24:14] memory.NOTICE: Начало генерации страницы gallery: 12:24:14 [] []
[2021-02-02 12:24:14] memory.DEBUG: Потребление памяти после чтения параметров: 758472. Разница в потреблении памяти: 102840 [] []
[2021-02-02 12:24:14] memory.DEBUG: Потребление памяти после загрузки страницы: 760792. Разница между потреблением памяти в начале выполнения программы и в конце 105160 [] []
[2021-02-02 12:24:15] memory.NOTICE: Окончание генерации страницы gallery: 12:24:14 [] []
[2021-02-02 12:24:34] memory.DEBUG: Старт программы: 655632 [] []
[2021-02-02 12:24:34] memory.INFO: 12:24:34 [] []
[2021-02-02 12:24:34] memory.NOTICE: Начало генерации страницы gallery: 12:24:34 [] []
[2021-02-02 12:24:34] memory.DEBUG: Потребление памяти после чтения параметров: 758472. Разница в потреблении памяти: 102840 [] []
[2021-02-02 12:24:34] memory.DEBUG: Потребление памяти после загрузки страницы: 760792. Разница между потреблением памяти в начале выполнения программы и в конце 105160 [] []
[2021-02-02 12:24:34] memory.NOTICE: Окончание генерации страницы gallery: 12:24:34 [] []
[2021-02-02 12:24:37] memory.DEBUG: Старт программы: 649880 [] []
[2021-02-02 12:24:37] memory.INFO: 12:24:37 [] []
[2021-02-02 12:24:37] memory.DEBUG: Потребление памяти после чтения параметров: 751168. Разница в потреблении памяти: 101288 [] []
[2021-02-02 12:24:37] memory.DEBUG: Потребление памяти после загрузки страницы: 752032. Разница между потреблением памяти в начале выполнения программы и в конце 102152 [] []
[2021-02-02 12:24:39] memory.DEBUG: Старт программы: 651056 [] []
[2021-02-02 12:24:39] memory.INFO: 12:24:39 [] []
[2021-02-02 12:24:39] memory.NOTICE: Начало генерации страницы gallery: 12:24:39 [] []
[2021-02-02 12:24:39] memory.DEBUG: Потребление памяти после чтения параметров: 753776. Разница в потреблении памяти: 102720 [] []
[2021-02-02 12:24:39] memory.DEBUG: Потребление памяти после загрузки страницы: 756096. Разница между потреблением памяти в начале выполнения программы и в конце 105040 [] []
[2021-02-02 12:24:39] memory.NOTICE: Окончание генерации страницы gallery: 12:24:39 [] []
[2021-02-02 12:32:34] memory.DEBUG: Старт программы: 654560 [] []
[2021-02-02 12:32:34] memory.INFO: 12:32:34 [] []
[2021-02-02 12:32:34] memory.DEBUG: Потребление памяти после чтения параметров: 755848. Разница в потреблении памяти: 101288 [] []
[2021-02-02 12:32:34] memory.DEBUG: Потребление памяти после загрузки страницы: 756712. Разница между потреблением памяти в начале выполнения программы и в конце 102152 [] []
[2021-02-02 12:32:52] memory.DEBUG: Старт программы: 655736 [] []
[2021-02-02 12:32:52] memory.INFO: 12:32:52 [] []
[2021-02-02 12:32:52] memory.NOTICE: Начало генерации страницы gallery: 12:32:52 [] []
[2021-02-02 12:32:52] memory.NOTICE: Переменная imageArr: Array [] []
[2021-02-02 12:32:52] memory.NOTICE: Переменная say:  [] []
[2021-02-02 12:32:52] memory.DEBUG: Потребление памяти после чтения параметров: 767136. Разница в потреблении памяти: 111400 [] []
[2021-02-02 12:32:52] memory.DEBUG: Потребление памяти после загрузки страницы: 769456. Разница между потреблением памяти в начале выполнения программы и в конце 113720 [] []
[2021-02-02 12:32:52] memory.NOTICE: Окончание генерации страницы gallery: 12:32:52 [] []
[2021-02-02 12:32:52] memory.NOTICE: Потребление памяти на загрузку страницы gallery: 769712 [] []
[2021-02-02 12:34:51] memory.DEBUG: Старт программы: 651448 [] []
[2021-02-02 12:34:51] memory.INFO: 12:34:51 [] []
[2021-02-02 12:34:51] memory.NOTICE: Начало генерации страницы gallery: 12:34:51 [] []
[2021-02-02 12:34:51] memory.DEBUG: Потребление памяти после чтения параметров: 754168. Разница в потреблении памяти: 102720 [] []
[2021-02-02 12:34:51] memory.DEBUG: Потребление памяти после загрузки страницы: 756488. Разница между потреблением памяти в начале выполнения программы и в конце 105040 [] []
[2021-02-02 12:34:51] memory.NOTICE: Окончание генерации страницы gallery: 12:34:51 [] []
[2021-02-02 12:34:51] memory.NOTICE: Потребление памяти на загрузку страницы gallery: 756744 [] []
[2021-02-02 12:35:50] memory.DEBUG: Старт программы: 650408 [] []
[2021-02-02 12:35:50] memory.INFO: 12:35:50 [] []
[2021-02-02 12:35:50] memory.DEBUG: Потребление памяти после чтения параметров: 751696. Разница в потреблении памяти: 101288 [] []
[2021-02-02 12:35:50] memory.DEBUG: Потребление памяти после загрузки страницы: 752560. Разница между потреблением памяти в начале выполнения программы и в конце 102152 [] []
[2021-02-02 12:35:52] memory.DEBUG: Старт программы: 651584 [] []
[2021-02-02 12:35:52] memory.INFO: 12:35:52 [] []
[2021-02-02 12:35:52] memory.NOTICE: Начало генерации страницы gallery: 12:35:52 [] []
[2021-02-02 12:35:52] memory.NOTICE: Переменная say:  [] []
[2021-02-02 12:35:52] memory.DEBUG: Потребление памяти после чтения параметров: 754304. Разница в потреблении памяти: 102720 [] []
[2021-02-02 12:35:52] memory.DEBUG: Потребление памяти после загрузки страницы: 756624. Разница между потреблением памяти в начале выполнения программы и в конце 105040 [] []
[2021-02-02 12:35:52] memory.NOTICE: Окончание генерации страницы gallery: 12:35:52 [] []
[2021-02-02 12:35:52] memory.NOTICE: Потребление памяти на загрузку страницы gallery: 756880 [] []
[2021-02-02 12:39:09] memory.DEBUG: Старт программы: 654608 [] []
[2021-02-02 12:39:09] memory.INFO: 12:39:09 [] []
[2021-02-02 12:39:09] memory.DEBUG: Потребление памяти после чтения параметров: 755896. Разница в потреблении памяти: 101288 [] []
[2021-02-02 12:39:09] memory.DEBUG: Потребление памяти после загрузки страницы: 756760. Разница между потреблением памяти в начале выполнения программы и в конце 102152 [] []
[2021-02-02 12:39:10] memory.DEBUG: Старт программы: 655784 [] []
[2021-02-02 12:39:10] memory.INFO: 12:39:10 [] []
[2021-02-02 12:39:10] memory.NOTICE: Начало генерации страницы gallery: 12:39:10 [] []
[2021-02-02 12:39:10] memory.NOTICE: Переменная imageArr: Array [] []
[2021-02-02 12:39:10] memory.NOTICE: Переменная say:  [] []
[2021-02-02 12:39:10] memory.DEBUG: Потребление памяти после чтения параметров: 767184. Разница в потреблении памяти: 111400 [] []
[2021-02-02 12:39:10] memory.DEBUG: Потребление памяти после загрузки страницы: 769504. Разница между потреблением памяти в начале выполнения программы и в конце 113720 [] []
[2021-02-02 12:39:10] memory.NOTICE: Окончание генерации страницы gallery: 12:39:10 [] []
[2021-02-02 12:39:10] memory.NOTICE: Потребление памяти на загрузку страницы gallery: 769760 [] []
[2021-02-02 12:42:37] memory.DEBUG: Старт программы: 655800 [] []
[2021-02-02 12:42:37] memory.INFO: 12:42:37 [] []
[2021-02-02 12:42:37] memory.NOTICE: Начало генерации страницы gallery: 12:42:37 [] []
[2021-02-02 12:42:37] memory.NOTICE: Переменная imageArr: 01.jpg [] []
[2021-02-02 12:42:37] memory.NOTICE: Переменная imageArr: 02.jpg [] []
[2021-02-02 12:42:37] memory.NOTICE: Переменная imageArr: 03.jpg [] []
[2021-02-02 12:42:37] memory.NOTICE: Переменная imageArr: 04.jpg [] []
[2021-02-02 12:42:37] memory.NOTICE: Переменная imageArr: 05.jpg [] []
[2021-02-02 12:42:37] memory.NOTICE: Переменная imageArr: 06.jpg [] []
[2021-02-02 12:42:37] memory.NOTICE: Переменная imageArr: 07.jpg [] []
[2021-02-02 12:42:37] memory.NOTICE: Переменная imageArr: 08.jpg [] []
[2021-02-02 12:42:37] memory.NOTICE: Переменная imageArr: 09.jpg [] []
[2021-02-02 12:42:37] memory.NOTICE: Переменная imageArr: 10.jpg [] []
[2021-02-02 12:42:37] memory.NOTICE: Переменная imageArr: 11.jpg [] []
[2021-02-02 12:42:37] memory.NOTICE: Переменная imageArr: 12.jpg [] []
[2021-02-02 12:42:37] memory.NOTICE: Переменная imageArr: 13.jpg [] []
[2021-02-02 12:42:37] memory.NOTICE: Переменная imageArr: 14.jpg [] []
[2021-02-02 12:42:37] memory.NOTICE: Переменная imageArr: 15.jpg [] []
[2021-02-02 12:42:37] memory.NOTICE: Переменная say:  [] []
[2021-02-02 12:42:37] memory.DEBUG: Потребление памяти после чтения параметров: 758488. Разница в потреблении памяти: 102688 [] []
[2021-02-02 12:42:37] memory.DEBUG: Потребление памяти после загрузки страницы: 760808. Разница между потреблением памяти в начале выполнения программы и в конце 105008 [] []
[2021-02-02 12:42:37] memory.NOTICE: Окончание генерации страницы gallery: 12:42:37 [] []
[2021-02-02 12:42:37] memory.NOTICE: Потребление памяти на загрузку страницы gallery: 761064 [] []
[2021-02-02 14:45:53] memory.DEBUG: Старт программы: 655984 [] []
[2021-02-02 14:45:53] memory.INFO: 14:45:53 [] []
[2021-02-02 14:45:53] memory.NOTICE: Начало генерации страницы gallery: 14:45:53 [] []
[2021-02-02 14:45:53] memory.NOTICE: Элемент 0 массива imageArr: 01.jpg [] []
[2021-02-02 14:45:53] memory.NOTICE: Элемент 1 массива imageArr: 02.jpg [] []
[2021-02-02 14:45:53] memory.NOTICE: Элемент 2 массива imageArr: 03.jpg [] []
[2021-02-02 14:45:53] memory.NOTICE: Элемент 3 массива imageArr: 04.jpg [] []
[2021-02-02 14:45:53] memory.NOTICE: Элемент 4 массива imageArr: 05.jpg [] []
[2021-02-02 14:45:53] memory.NOTICE: Элемент 5 массива imageArr: 06.jpg [] []
[2021-02-02 14:45:53] memory.NOTICE: Элемент 6 массива imageArr: 07.jpg [] []
[2021-02-02 14:45:53] memory.NOTICE: Элемент 7 массива imageArr: 08.jpg [] []
[2021-02-02 14:45:53] memory.NOTICE: Элемент 8 массива imageArr: 09.jpg [] []
[2021-02-02 14:45:53] memory.NOTICE: Элемент 9 массива imageArr: 10.jpg [] []
[2021-02-02 14:45:53] memory.NOTICE: Элемент 10 массива imageArr: 11.jpg [] []
[2021-02-02 14:45:53] memory.NOTICE: Элемент 11 массива imageArr: 12.jpg [] []
[2021-02-02 14:45:53] memory.NOTICE: Элемент 12 массива imageArr: 13.jpg [] []
[2021-02-02 14:45:53] memory.NOTICE: Элемент 13 массива imageArr: 14.jpg [] []
[2021-02-02 14:45:53] memory.NOTICE: Элемент 14 массива imageArr: 15.jpg [] []
[2021-02-02 14:45:53] memory.NOTICE: Переменная say:  [] []
[2021-02-02 14:45:53] memory.DEBUG: Потребление памяти после чтения параметров: 758704. Разница в потреблении памяти: 102720 [] []
[2021-02-02 14:45:53] memory.DEBUG: Потребление памяти после загрузки страницы: 761024. Разница между потреблением памяти в начале выполнения программы и в конце 105040 [] []
[2021-02-02 14:45:53] memory.NOTICE: Окончание генерации страницы gallery: 14:45:53 [] []
[2021-02-02 14:45:53] memory.NOTICE: Потребление памяти на загрузку страницы gallery: 761280 [] []
[2021-02-02 14:56:56] memory.DEBUG: Старт программы: 654632 [] []
[2021-02-02 14:56:56] memory.INFO: 14:56:56 [] []
[2021-02-02 14:56:56] memory.DEBUG: Потребление памяти после чтения параметров: 755920. Разница в потреблении памяти: 101288 [] []
[2021-02-02 14:56:56] memory.DEBUG: Потребление памяти после загрузки страницы: 756784. Разница между потреблением памяти в начале выполнения программы и в конце 102152 [] []
[2021-02-02 14:56:57] memory.DEBUG: Старт программы: 655808 [] []
[2021-02-02 14:56:57] memory.INFO: 14:56:57 [] []
[2021-02-02 14:56:57] memory.DEBUG: Потребление памяти после чтения параметров: 758272. Разница в потреблении памяти: 102464 [] []
[2021-02-02 14:56:57] memory.DEBUG: Потребление памяти после загрузки страницы: 760592. Разница между потреблением памяти в начале выполнения программы и в конце 104784 [] []
[2021-02-02 14:58:27] memory.DEBUG: Старт программы: 655984 [] []
[2021-02-02 14:58:27] memory.INFO: 14:58:27 [] []
[2021-02-02 14:58:27] memory.NOTICE: Начало генерации страницы gallery: 14:58:27 [] []
[2021-02-02 14:58:27] memory.NOTICE: Элемент 0 массива imageArr: 01.jpg [] []
[2021-02-02 14:58:27] memory.NOTICE: Элемент 1 массива imageArr: 02.jpg [] []
[2021-02-02 14:58:27] memory.NOTICE: Элемент 2 массива imageArr: 03.jpg [] []
[2021-02-02 14:58:27] memory.NOTICE: Элемент 3 массива imageArr: 04.jpg [] []
[2021-02-02 14:58:27] memory.NOTICE: Элемент 4 массива imageArr: 05.jpg [] []
[2021-02-02 14:58:27] memory.NOTICE: Элемент 5 массива imageArr: 06.jpg [] []
[2021-02-02 14:58:27] memory.NOTICE: Элемент 6 массива imageArr: 07.jpg [] []
[2021-02-02 14:58:27] memory.NOTICE: Элемент 7 массива imageArr: 08.jpg [] []
[2021-02-02 14:58:27] memory.NOTICE: Элемент 8 массива imageArr: 09.jpg [] []
[2021-02-02 14:58:27] memory.NOTICE: Элемент 9 массива imageArr: 10.jpg [] []
[2021-02-02 14:58:27] memory.NOTICE: Элемент 10 массива imageArr: 11.jpg [] []
[2021-02-02 14:58:27] memory.NOTICE: Элемент 11 массива imageArr: 12.jpg [] []
[2021-02-02 14:58:27] memory.NOTICE: Элемент 12 массива imageArr: 13.jpg [] []
[2021-02-02 14:58:27] memory.NOTICE: Элемент 13 массива imageArr: 14.jpg [] []
[2021-02-02 14:58:27] memory.NOTICE: Элемент 14 массива imageArr: 15.jpg [] []
[2021-02-02 14:58:27] memory.NOTICE: Переменная say:  [] []
[2021-02-02 14:58:27] memory.DEBUG: Потребление памяти после чтения параметров: 758704. Разница в потреблении памяти: 102720 [] []
[2021-02-02 14:58:27] memory.DEBUG: Потребление памяти после загрузки страницы: 761024. Разница между потреблением памяти в начале выполнения программы и в конце 105040 [] []
[2021-02-02 14:58:27] memory.NOTICE: Окончание генерации страницы gallery: 14:58:27 [] []
[2021-02-02 14:58:27] memory.NOTICE: Потребление памяти на загрузку страницы gallery: 761280 [] []
[2021-02-02 15:00:26] memory.DEBUG: Старт программы: 654632 [] []
[2021-02-02 15:00:26] memory.INFO: 15:00:26 [] []
[2021-02-02 15:00:26] memory.DEBUG: Потребление памяти после чтения параметров: 755920. Разница в потреблении памяти: 101288 [] []
[2021-02-02 15:00:26] memory.DEBUG: Потребление памяти после загрузки страницы: 756784. Разница между потреблением памяти в начале выполнения программы и в конце 102152 [] []
